<?xml version="1.0" encoding="UTF-8" standalone="yes"?>
<ns2:test-suite start="1510236905057" stop="1510236921202" version="1.4.23" xmlns:ns2="urn:model.allure.qatools.yandex.ru">
    <name>Default Suite : IDL.test.maven-master-841021d8bba2e5895ee8b2212659312fd69acb59</name>
    <title>Default Suite : IDL.test.maven-master-841021d8bba2e5895ee8b2212659312fd69acb59</title>
    <test-cases>
        <test-case start="1510236905252" stop="1510236921193" status="failed">
            <name>checkProgressBarOfPErsonalInformationPage</name>
            <failure>
                <message>AssertionError: expected [true] but found [false]</message>
                <stack-trace>java.lang.AssertionError: expected [true] but found [false]
	at org.testng.Assert.fail(Assert.java:94)
	at org.testng.Assert.failNotEquals(Assert.java:513)
	at org.testng.Assert.assertTrue(Assert.java:42)
	at org.testng.Assert.assertTrue(Assert.java:52)
	at com.art.idl.testsuites.PersonalInformationTest.checkProgressBarOfPErsonalInformationPage(PersonalInformationTest.java:26)
	at sun.reflect.NativeMethodAccessorImpl.invoke0(Native Method)
	at sun.reflect.NativeMethodAccessorImpl.invoke(NativeMethodAccessorImpl.java:62)
	at sun.reflect.DelegatingMethodAccessorImpl.invoke(DelegatingMethodAccessorImpl.java:43)
	at java.lang.reflect.Method.invoke(Method.java:498)
	at org.testng.internal.MethodInvocationHelper.invokeMethod(MethodInvocationHelper.java:86)
	at org.testng.internal.Invoker.invokeMethod(Invoker.java:643)
	at org.testng.internal.Invoker.invokeTestMethod(Invoker.java:820)
	at org.testng.internal.Invoker.invokeTestMethods(Invoker.java:1128)
	at org.testng.internal.TestMethodWorker.invokeTestMethods(TestMethodWorker.java:129)
	at org.testng.internal.TestMethodWorker.run(TestMethodWorker.java:112)
	at org.testng.TestRunner.privateRun(TestRunner.java:782)
	at org.testng.TestRunner.run(TestRunner.java:632)
	at org.testng.SuiteRunner.runTest(SuiteRunner.java:366)
	at org.testng.SuiteRunner.runSequentially(SuiteRunner.java:361)
	at org.testng.SuiteRunner.privateRun(SuiteRunner.java:319)
	at org.testng.SuiteRunner.run(SuiteRunner.java:268)
	at org.testng.SuiteRunnerWorker.runSuite(SuiteRunnerWorker.java:52)
	at org.testng.SuiteRunnerWorker.run(SuiteRunnerWorker.java:86)
	at org.testng.TestNG.runSuitesSequentially(TestNG.java:1244)
	at org.testng.TestNG.runSuitesLocally(TestNG.java:1169)
	at org.testng.TestNG.run(TestNG.java:1064)
	at org.testng.IDEARemoteTestNG.run(IDEARemoteTestNG.java:72)
	at org.testng.RemoteTestNGStarter.main(RemoteTestNGStarter.java:127)
</stack-trace>
            </failure>
            <steps>
                <step start="1510236916689" stop="1510236917759" status="passed">
                    <name>clickOnPricingButtonOnPricingScreen</name>
                </step>
                <step start="1510236917772" stop="1510236917891" status="passed">
                    <name>checkPresentsOfPricingScreen</name>
                </step>
                <step start="1510236917914" stop="1510236920814" status="passed">
                    <name>clickOnGetYourIDLButton1yearLicense</name>
                </step>
                <step start="1510236920821" stop="1510236920991" status="passed">
                    <name>presentsOfPersonalInformationPage</name>
                </step>
                <step start="1510236920994" stop="1510236921074" status="passed">
                    <name>checkProgressBarOfPersonalInformationPage</name>
                </step>
                <step start="1510236921074" stop="1510236921117" status="passed">
                    <name>checkProgressBarOfPersonalInformationPage</name>
                </step>
            </steps>
            <attachments/>
            <labels>
                <label name="host" value="Nazar"/>
                <label name="thread" value="18816@Nazar.main(1)"/>
            </labels>
        </test-case>
    </test-cases>
    <labels>
        <label name="framework" value="TestNG"/>
        <label name="language" value="JAVA"/>
    </labels>
</ns2:test-suite>
