<?xml version="1.0" encoding="UTF-8" standalone="yes"?>
<ns2:test-suite start="1510313638204" stop="1510313665764" version="1.4.23" xmlns:ns2="urn:model.allure.qatools.yandex.ru">
    <name>Default Suite : IDL.test.maven-master-841021d8bba2e5895ee8b2212659312fd69acb59</name>
    <title>Default Suite : IDL.test.maven-master-841021d8bba2e5895ee8b2212659312fd69acb59</title>
    <test-cases>
        <test-case start="1510313638385" stop="1510313662356" status="broken">
            <name>checkProgressBarOfOriginalDriverLicense</name>
            <failure>
                <message>TimeoutException: Timed out after 5 seconds waiting for visibility of [[ChromeDriver: chrome on XP (31be404002bf04b6b68702f1e43e80ec)] -&gt; xpath: //div[@id="birth-day"]//ul//li[1]//a]
Build info: version: '2.53.1', revision: 'a36b8b1cd5757287168e54b817830adce9b0158d', time: '2016-06-30 19:26:09'
System info: host: 'Nazar', ip: '192.168.50.1', os.name: 'Windows 10', os.arch: 'amd64', os.version: '10.0', java.version: '1.8.0_102'
Driver info: org.openqa.selenium.chrome.ChromeDriver
Capabilities [{applicationCacheEnabled=false, rotatable=false, mobileEmulationEnabled=false, networkConnectionEnabled=false, chrome={chromedriverVersion=2.32.498550 (9dec58e66c31bcc53a9ce3c7226f0c1c5810906a), userDataDir=C:\Users\MF525~1.MAL\AppData\Local\Temp\scoped_dir17508_17501}, takesHeapSnapshot=true, pageLoadStrategy=normal, databaseEnabled=false, handlesAlerts=true, hasTouchScreen=false, version=61.0.3163.100, platform=XP, browserConnectionEnabled=false, nativeEvents=true, acceptSslCerts=true, locationContextEnabled=true, webStorageEnabled=true, browserName=chrome, takesScreenshot=true, javascriptEnabled=true, cssSelectorsEnabled=true, setWindowRect=true, unexpectedAlertBehaviour=}]
Session ID: 31be404002bf04b6b68702f1e43e80ec</message>
                <stack-trace>org.openqa.selenium.TimeoutException: Timed out after 5 seconds waiting for visibility of [[ChromeDriver: chrome on XP (31be404002bf04b6b68702f1e43e80ec)] -&gt; xpath: //div[@id="birth-day"]//ul//li[1]//a]
Build info: version: '2.53.1', revision: 'a36b8b1cd5757287168e54b817830adce9b0158d', time: '2016-06-30 19:26:09'
System info: host: 'Nazar', ip: '192.168.50.1', os.name: 'Windows 10', os.arch: 'amd64', os.version: '10.0', java.version: '1.8.0_102'
Driver info: org.openqa.selenium.chrome.ChromeDriver
Capabilities [{applicationCacheEnabled=false, rotatable=false, mobileEmulationEnabled=false, networkConnectionEnabled=false, chrome={chromedriverVersion=2.32.498550 (9dec58e66c31bcc53a9ce3c7226f0c1c5810906a), userDataDir=C:\Users\MF525~1.MAL\AppData\Local\Temp\scoped_dir17508_17501}, takesHeapSnapshot=true, pageLoadStrategy=normal, databaseEnabled=false, handlesAlerts=true, hasTouchScreen=false, version=61.0.3163.100, platform=XP, browserConnectionEnabled=false, nativeEvents=true, acceptSslCerts=true, locationContextEnabled=true, webStorageEnabled=true, browserName=chrome, takesScreenshot=true, javascriptEnabled=true, cssSelectorsEnabled=true, setWindowRect=true, unexpectedAlertBehaviour=}]
Session ID: 31be404002bf04b6b68702f1e43e80ec
	at org.openqa.selenium.support.ui.WebDriverWait.timeoutException(WebDriverWait.java:80)
	at org.openqa.selenium.support.ui.FluentWait.until(FluentWait.java:261)
	at com.art.idl.steps.PersonalInformationPage.selectFirstDay(PersonalInformationPage.java:142)
	at com.art.idl.businessobjects.PesronalInformationBO.writeInfoToAllFieldsOfPersonalInformationPage(PesronalInformationBO.java:21)
	at com.art.idl.businessobjects.OriginalDriverLicenseBO.goToOriginalDriverLicensePage(OriginalDriverLicenseBO.java:16)
	at com.art.idl.testsuites.OriginalDriverLicenseTest.checkProgressBarOfOriginalDriverLicense(OriginalDriverLicenseTest.java:24)
	at sun.reflect.NativeMethodAccessorImpl.invoke0(Native Method)
	at sun.reflect.NativeMethodAccessorImpl.invoke(NativeMethodAccessorImpl.java:62)
	at sun.reflect.DelegatingMethodAccessorImpl.invoke(DelegatingMethodAccessorImpl.java:43)
	at java.lang.reflect.Method.invoke(Method.java:498)
	at org.testng.internal.MethodInvocationHelper.invokeMethod(MethodInvocationHelper.java:86)
	at org.testng.internal.Invoker.invokeMethod(Invoker.java:643)
	at org.testng.internal.Invoker.invokeTestMethod(Invoker.java:820)
	at org.testng.internal.Invoker.invokeTestMethods(Invoker.java:1128)
	at org.testng.internal.TestMethodWorker.invokeTestMethods(TestMethodWorker.java:129)
	at org.testng.internal.TestMethodWorker.run(TestMethodWorker.java:112)
	at org.testng.TestRunner.privateRun(TestRunner.java:782)
	at org.testng.TestRunner.run(TestRunner.java:632)
	at org.testng.SuiteRunner.runTest(SuiteRunner.java:366)
	at org.testng.SuiteRunner.runSequentially(SuiteRunner.java:361)
	at org.testng.SuiteRunner.privateRun(SuiteRunner.java:319)
	at org.testng.SuiteRunner.run(SuiteRunner.java:268)
	at org.testng.SuiteRunnerWorker.runSuite(SuiteRunnerWorker.java:52)
	at org.testng.SuiteRunnerWorker.run(SuiteRunnerWorker.java:86)
	at org.testng.TestNG.runSuitesSequentially(TestNG.java:1244)
	at org.testng.TestNG.runSuitesLocally(TestNG.java:1169)
	at org.testng.TestNG.run(TestNG.java:1064)
	at org.testng.IDEARemoteTestNG.run(IDEARemoteTestNG.java:72)
	at org.testng.RemoteTestNGStarter.main(RemoteTestNGStarter.java:127)
</stack-trace>
            </failure>
            <steps>
                <step start="1510313651145" stop="1510313652294" status="passed">
                    <name>clickOnPricingButtonOnPricingScreen</name>
                </step>
                <step start="1510313652303" stop="1510313654252" status="passed">
                    <name>clickOnGetYourIDLButton1yearLicense</name>
                </step>
                <step start="1510313654263" stop="1510313655593" status="passed">
                    <name>writeNameToFirstNameField[Alex]</name>
                </step>
                <step start="1510313655597" stop="1510313655894" status="passed">
                    <name>writeNameToLastNameField[Mason]</name>
                </step>
                <step start="1510313655897" stop="1510313656528" status="passed">
                    <name>selectFirstMonth</name>
                </step>
                <step start="1510313656532" stop="1510313662306" status="broken">
                    <name>selectFirstDay</name>
                </step>
            </steps>
            <attachments/>
            <labels>
                <label name="host" value="Nazar"/>
                <label name="thread" value="19404@Nazar.main(1)"/>
            </labels>
        </test-case>
    </test-cases>
    <labels>
        <label name="framework" value="TestNG"/>
        <label name="language" value="JAVA"/>
    </labels>
</ns2:test-suite>
