<?xml version="1.0" encoding="UTF-8" standalone="yes"?>
<ns2:test-suite start="1510308163360" stop="1510308188562" version="1.4.23" xmlns:ns2="urn:model.allure.qatools.yandex.ru">
    <name>Default Suite : IDL.test.maven-master-841021d8bba2e5895ee8b2212659312fd69acb59</name>
    <title>Default Suite : IDL.test.maven-master-841021d8bba2e5895ee8b2212659312fd69acb59</title>
    <test-cases>
        <test-case start="1510308163539" stop="1510308185605" status="failed">
            <name>checkIfUserRedirectToNextStepCountinuButtonVailDataAll</name>
            <failure>
                <message>AssertionError: Countinu button doesnt work correctly! expected [true] but found [false]</message>
                <stack-trace>java.lang.AssertionError: Countinu button doesnt work correctly! expected [true] but found [false]
	at org.testng.Assert.fail(Assert.java:94)
	at org.testng.Assert.failNotEquals(Assert.java:513)
	at org.testng.Assert.assertTrue(Assert.java:42)
	at com.art.idl.testsuites.PersonalInformationTest.checkIfUserRedirectToNextStepCountinuButtonVailDataAll(PersonalInformationTest.java:160)
	at sun.reflect.NativeMethodAccessorImpl.invoke0(Native Method)
	at sun.reflect.NativeMethodAccessorImpl.invoke(NativeMethodAccessorImpl.java:62)
	at sun.reflect.DelegatingMethodAccessorImpl.invoke(DelegatingMethodAccessorImpl.java:43)
	at java.lang.reflect.Method.invoke(Method.java:498)
	at org.testng.internal.MethodInvocationHelper.invokeMethod(MethodInvocationHelper.java:86)
	at org.testng.internal.Invoker.invokeMethod(Invoker.java:643)
	at org.testng.internal.Invoker.invokeTestMethod(Invoker.java:820)
	at org.testng.internal.Invoker.invokeTestMethods(Invoker.java:1128)
	at org.testng.internal.TestMethodWorker.invokeTestMethods(TestMethodWorker.java:129)
	at org.testng.internal.TestMethodWorker.run(TestMethodWorker.java:112)
	at org.testng.TestRunner.privateRun(TestRunner.java:782)
	at org.testng.TestRunner.run(TestRunner.java:632)
	at org.testng.SuiteRunner.runTest(SuiteRunner.java:366)
	at org.testng.SuiteRunner.runSequentially(SuiteRunner.java:361)
	at org.testng.SuiteRunner.privateRun(SuiteRunner.java:319)
	at org.testng.SuiteRunner.run(SuiteRunner.java:268)
	at org.testng.SuiteRunnerWorker.runSuite(SuiteRunnerWorker.java:52)
	at org.testng.SuiteRunnerWorker.run(SuiteRunnerWorker.java:86)
	at org.testng.TestNG.runSuitesSequentially(TestNG.java:1244)
	at org.testng.TestNG.runSuitesLocally(TestNG.java:1169)
	at org.testng.TestNG.run(TestNG.java:1064)
	at org.testng.IDEARemoteTestNG.run(IDEARemoteTestNG.java:72)
	at org.testng.RemoteTestNGStarter.main(RemoteTestNGStarter.java:127)
</stack-trace>
            </failure>
            <steps>
                <step start="1510308176703" stop="1510308177806" status="passed">
                    <name>clickOnPricingButtonOnPricingScreen</name>
                </step>
                <step start="1510308177815" stop="1510308180763" status="passed">
                    <name>clickOnGetYourIDLButton1yearLicense</name>
                </step>
                <step start="1510308180770" stop="1510308181114" status="passed">
                    <name>writeNameToFirstNameField[Alex]</name>
                </step>
                <step start="1510308181117" stop="1510308181411" status="passed">
                    <name>writeNameToLastNameField[Mason]</name>
                </step>
                <step start="1510308181416" stop="1510308182075" status="passed">
                    <name>selectFirstMonth</name>
                </step>
                <step start="1510308182077" stop="1510308182521" status="passed">
                    <name>selectFirstDay</name>
                </step>
                <step start="1510308182525" stop="1510308182922" status="passed">
                    <name>selectFirstYear</name>
                </step>
                <step start="1510308182928" stop="1510308183324" status="passed">
                    <name>selectFirstEyeColor</name>
                </step>
                <step start="1510308183327" stop="1510308184057" status="passed">
                    <name>selectHeight</name>
                </step>
                <step start="1510308184060" stop="1510308184581" status="passed">
                    <name>writePhoneNumber[0931026120]</name>
                </step>
                <step start="1510308184584" stop="1510308185074" status="passed">
                    <name>writeEmail[a@gmail.com]</name>
                </step>
                <step start="1510308185077" stop="1510308185372" status="passed">
                    <name>clickOnCountinueButton</name>
                </step>
                <step start="1510308185376" stop="1510308185563" status="passed">
                    <name>checkIfOriginalDriverLicenseIsPresent</name>
                </step>
            </steps>
            <attachments/>
            <labels>
                <label name="host" value="Nazar"/>
                <label name="thread" value="18672@Nazar.main(1)"/>
            </labels>
        </test-case>
    </test-cases>
    <labels>
        <label name="framework" value="TestNG"/>
        <label name="language" value="JAVA"/>
    </labels>
</ns2:test-suite>
