<?xml version="1.0" encoding="UTF-8" standalone="yes"?>
<ns2:test-suite start="1510316427215" stop="1510316462963" version="1.4.23" xmlns:ns2="urn:model.allure.qatools.yandex.ru">
    <name>Default Suite : IDL.test.maven-master-841021d8bba2e5895ee8b2212659312fd69acb59</name>
    <title>Default Suite : IDL.test.maven-master-841021d8bba2e5895ee8b2212659312fd69acb59</title>
    <test-cases>
        <test-case start="1510316427457" stop="1510316458589" status="broken">
            <name>checkIfLicenseNumberCantBeEmptyWhenAllValid</name>
            <failure>
                <message>WebDriverException: unknown error: Element is not clickable at point (710, 1410)
  (Session info: chrome=61.0.3163.100)
  (Driver info: chromedriver=2.32.498550 (9dec58e66c31bcc53a9ce3c7226f0c1c5810906a),platform=Windows NT 10.0.15063 x86_64) (WARNING: The server did not provide any stacktrace information)
Command duration or timeout: 117 milliseconds
Build info: version: '2.53.1', revision: 'a36b8b1cd5757287168e54b817830adce9b0158d', time: '2016-06-30 19:26:09'
System info: host: 'Nazar', ip: '192.168.50.1', os.name: 'Windows 10', os.arch: 'amd64', os.version: '10.0', java.version: '1.8.0_102'
Driver info: org.openqa.selenium.chrome.ChromeDriver
Capabilities [{applicationCacheEnabled=false, rotatable=false, mobileEmulationEnabled=false, networkConnectionEnabled=false, chrome={chromedriverVersion=2.32.498550 (9dec58e66c31bcc53a9ce3c7226f0c1c5810906a), userDataDir=C:\Users\MF525~1.MAL\AppData\Local\Temp\scoped_dir9028_5282}, takesHeapSnapshot=true, pageLoadStrategy=normal, databaseEnabled=false, handlesAlerts=true, hasTouchScreen=false, version=61.0.3163.100, platform=XP, browserConnectionEnabled=false, nativeEvents=true, acceptSslCerts=true, locationContextEnabled=true, webStorageEnabled=true, browserName=chrome, takesScreenshot=true, javascriptEnabled=true, cssSelectorsEnabled=true, setWindowRect=true, unexpectedAlertBehaviour=}]
Session ID: f222100471ea63e2f53290aa0a45ddff</message>
                <stack-trace>org.openqa.selenium.WebDriverException: unknown error: Element is not clickable at point (710, 1410)
  (Session info: chrome=61.0.3163.100)
  (Driver info: chromedriver=2.32.498550 (9dec58e66c31bcc53a9ce3c7226f0c1c5810906a),platform=Windows NT 10.0.15063 x86_64) (WARNING: The server did not provide any stacktrace information)
Command duration or timeout: 117 milliseconds
Build info: version: '2.53.1', revision: 'a36b8b1cd5757287168e54b817830adce9b0158d', time: '2016-06-30 19:26:09'
System info: host: 'Nazar', ip: '192.168.50.1', os.name: 'Windows 10', os.arch: 'amd64', os.version: '10.0', java.version: '1.8.0_102'
Driver info: org.openqa.selenium.chrome.ChromeDriver
Capabilities [{applicationCacheEnabled=false, rotatable=false, mobileEmulationEnabled=false, networkConnectionEnabled=false, chrome={chromedriverVersion=2.32.498550 (9dec58e66c31bcc53a9ce3c7226f0c1c5810906a), userDataDir=C:\Users\MF525~1.MAL\AppData\Local\Temp\scoped_dir9028_5282}, takesHeapSnapshot=true, pageLoadStrategy=normal, databaseEnabled=false, handlesAlerts=true, hasTouchScreen=false, version=61.0.3163.100, platform=XP, browserConnectionEnabled=false, nativeEvents=true, acceptSslCerts=true, locationContextEnabled=true, webStorageEnabled=true, browserName=chrome, takesScreenshot=true, javascriptEnabled=true, cssSelectorsEnabled=true, setWindowRect=true, unexpectedAlertBehaviour=}]
Session ID: f222100471ea63e2f53290aa0a45ddff
	at sun.reflect.NativeConstructorAccessorImpl.newInstance0(Native Method)
	at sun.reflect.NativeConstructorAccessorImpl.newInstance(NativeConstructorAccessorImpl.java:62)
	at sun.reflect.DelegatingConstructorAccessorImpl.newInstance(DelegatingConstructorAccessorImpl.java:45)
	at java.lang.reflect.Constructor.newInstance(Constructor.java:423)
	at org.openqa.selenium.remote.ErrorHandler.createThrowable(ErrorHandler.java:206)
	at org.openqa.selenium.remote.ErrorHandler.throwIfResponseFailed(ErrorHandler.java:158)
	at org.openqa.selenium.remote.RemoteWebDriver.execute(RemoteWebDriver.java:678)
	at org.openqa.selenium.remote.RemoteWebElement.execute(RemoteWebElement.java:327)
	at org.openqa.selenium.remote.RemoteWebElement.click(RemoteWebElement.java:85)
	at sun.reflect.GeneratedMethodAccessor1.invoke(Unknown Source)
	at sun.reflect.DelegatingMethodAccessorImpl.invoke(DelegatingMethodAccessorImpl.java:43)
	at java.lang.reflect.Method.invoke(Method.java:498)
	at org.openqa.selenium.support.pagefactory.internal.LocatingElementHandler.invoke(LocatingElementHandler.java:51)
	at com.sun.proxy.$Proxy5.click(Unknown Source)
	at com.art.idl.steps.OriginalDriverLicensePage.clickOnCountinueButtonWhenAllWithValid(OriginalDriverLicensePage.java:160)
	at com.art.idl.testsuites.OriginalDriverLicenseTest.checkIfLicenseNumberCantBeEmptyWhenAllValid(OriginalDriverLicenseTest.java:36)
	at sun.reflect.NativeMethodAccessorImpl.invoke0(Native Method)
	at sun.reflect.NativeMethodAccessorImpl.invoke(NativeMethodAccessorImpl.java:62)
	at sun.reflect.DelegatingMethodAccessorImpl.invoke(DelegatingMethodAccessorImpl.java:43)
	at java.lang.reflect.Method.invoke(Method.java:498)
	at org.testng.internal.MethodInvocationHelper.invokeMethod(MethodInvocationHelper.java:86)
	at org.testng.internal.Invoker.invokeMethod(Invoker.java:643)
	at org.testng.internal.Invoker.invokeTestMethod(Invoker.java:820)
	at org.testng.internal.Invoker.invokeTestMethods(Invoker.java:1128)
	at org.testng.internal.TestMethodWorker.invokeTestMethods(TestMethodWorker.java:129)
	at org.testng.internal.TestMethodWorker.run(TestMethodWorker.java:112)
	at org.testng.TestRunner.privateRun(TestRunner.java:782)
	at org.testng.TestRunner.run(TestRunner.java:632)
	at org.testng.SuiteRunner.runTest(SuiteRunner.java:366)
	at org.testng.SuiteRunner.runSequentially(SuiteRunner.java:361)
	at org.testng.SuiteRunner.privateRun(SuiteRunner.java:319)
	at org.testng.SuiteRunner.run(SuiteRunner.java:268)
	at org.testng.SuiteRunnerWorker.runSuite(SuiteRunnerWorker.java:52)
	at org.testng.SuiteRunnerWorker.run(SuiteRunnerWorker.java:86)
	at org.testng.TestNG.runSuitesSequentially(TestNG.java:1244)
	at org.testng.TestNG.runSuitesLocally(TestNG.java:1169)
	at org.testng.TestNG.run(TestNG.java:1064)
	at org.testng.IDEARemoteTestNG.run(IDEARemoteTestNG.java:72)
	at org.testng.RemoteTestNGStarter.main(RemoteTestNGStarter.java:127)
</stack-trace>
            </failure>
            <steps>
                <step start="1510316440016" stop="1510316441186" status="passed">
                    <name>clickOnPricingButtonOnPricingScreen</name>
                </step>
                <step start="1510316441198" stop="1510316444192" status="passed">
                    <name>clickOnGetYourIDLButton1yearLicense</name>
                </step>
                <step start="1510316444201" stop="1510316444557" status="passed">
                    <name>writeNameToFirstNameField[Alex]</name>
                </step>
                <step start="1510316444560" stop="1510316444896" status="passed">
                    <name>writeNameToLastNameField[Mason]</name>
                </step>
                <step start="1510316444899" stop="1510316445562" status="passed">
                    <name>selectFirstMonth</name>
                </step>
                <step start="1510316445565" stop="1510316446135" status="passed">
                    <name>selectFirstDay</name>
                </step>
                <step start="1510316446138" stop="1510316446901" status="passed">
                    <name>selectFirstYear</name>
                </step>
                <step start="1510316446906" stop="1510316447328" status="passed">
                    <name>selectFirstEyeColor</name>
                </step>
                <step start="1510316447331" stop="1510316448596" status="passed">
                    <name>selectHeight</name>
                </step>
                <step start="1510316448599" stop="1510316449340" status="passed">
                    <name>writePhoneNumber[0931308310]</name>
                </step>
                <step start="1510316449342" stop="1510316450478" status="passed">
                    <name>writeEmail[a@gmail.com]</name>
                </step>
                <step start="1510316450481" stop="1510316450752" status="passed">
                    <name>clickOnCountinueButtonWhenAllWithValid</name>
                </step>
                <step start="1510316450757" stop="1510316452665" status="passed">
                    <name>checkIfOriginalDriverLicenseIsPresent</name>
                </step>
                <step start="1510316452679" stop="1510316452936" status="passed">
                    <name>writeLicenseNumber[]</name>
                </step>
                <step start="1510316452939" stop="1510316453611" status="passed">
                    <name>chooseFirstMonthExpirationDate</name>
                </step>
                <step start="1510316453614" stop="1510316454096" status="passed">
                    <name>chooseFirstDayExpirationDate</name>
                </step>
                <step start="1510316454099" stop="1510316454442" status="passed">
                    <name>chooseFirstYearExpirationDate</name>
                </step>
                <step start="1510316454446" stop="1510316454796" status="passed">
                    <name>chooseFirstIssueMonth</name>
                </step>
                <step start="1510316454798" stop="1510316455160" status="passed">
                    <name>chooseFirstIssueDate</name>
                </step>
                <step start="1510316455163" stop="1510316455555" status="passed">
                    <name>chooseFirstIssueYear</name>
                </step>
                <step start="1510316455557" stop="1510316457146" status="passed">
                    <name>writeCountryOfDriverLicense[Ukraine]</name>
                </step>
                <step start="1510316457148" stop="1510316457809" status="passed">
                    <name>uploadPhotoOfDriverLicense</name>
                </step>
                <step start="1510316457811" stop="1510316458027" status="broken">
                    <name>clickOnCountinueButtonWhenAllWithValid</name>
                </step>
            </steps>
            <attachments/>
            <labels>
                <label name="host" value="Nazar"/>
                <label name="thread" value="14376@Nazar.main(1)"/>
            </labels>
        </test-case>
    </test-cases>
    <labels>
        <label name="framework" value="TestNG"/>
        <label name="language" value="JAVA"/>
    </labels>
</ns2:test-suite>
