<?xml version="1.0" encoding="UTF-8" standalone="yes"?>
<ns2:test-suite start="1510307257637" stop="1510307290496" version="1.4.23" xmlns:ns2="urn:model.allure.qatools.yandex.ru">
    <name>Default Suite : IDL.test.maven-master-841021d8bba2e5895ee8b2212659312fd69acb59</name>
    <title>Default Suite : IDL.test.maven-master-841021d8bba2e5895ee8b2212659312fd69acb59</title>
    <test-cases>
        <test-case start="1510307257873" stop="1510307287105" status="failed">
            <name>checkIfUserRedirectToNextStepCountinuButtonVailDataAll</name>
            <failure>
                <message>AssertionError: Countinu button doesnt work correctly! expected [true] but found [false]</message>
                <stack-trace>java.lang.AssertionError: Countinu button doesnt work correctly! expected [true] but found [false]
	at org.testng.Assert.fail(Assert.java:94)
	at org.testng.Assert.failNotEquals(Assert.java:513)
	at org.testng.Assert.assertTrue(Assert.java:42)
	at com.art.idl.testsuites.PersonalInformationTest.checkIfUserRedirectToNextStepCountinuButtonVailDataAll(PersonalInformationTest.java:160)
	at sun.reflect.NativeMethodAccessorImpl.invoke0(Native Method)
	at sun.reflect.NativeMethodAccessorImpl.invoke(NativeMethodAccessorImpl.java:62)
	at sun.reflect.DelegatingMethodAccessorImpl.invoke(DelegatingMethodAccessorImpl.java:43)
	at java.lang.reflect.Method.invoke(Method.java:498)
	at org.testng.internal.MethodInvocationHelper.invokeMethod(MethodInvocationHelper.java:86)
	at org.testng.internal.Invoker.invokeMethod(Invoker.java:643)
	at org.testng.internal.Invoker.invokeTestMethod(Invoker.java:820)
	at org.testng.internal.Invoker.invokeTestMethods(Invoker.java:1128)
	at org.testng.internal.TestMethodWorker.invokeTestMethods(TestMethodWorker.java:129)
	at org.testng.internal.TestMethodWorker.run(TestMethodWorker.java:112)
	at org.testng.TestRunner.privateRun(TestRunner.java:782)
	at org.testng.TestRunner.run(TestRunner.java:632)
	at org.testng.SuiteRunner.runTest(SuiteRunner.java:366)
	at org.testng.SuiteRunner.runSequentially(SuiteRunner.java:361)
	at org.testng.SuiteRunner.privateRun(SuiteRunner.java:319)
	at org.testng.SuiteRunner.run(SuiteRunner.java:268)
	at org.testng.SuiteRunnerWorker.runSuite(SuiteRunnerWorker.java:52)
	at org.testng.SuiteRunnerWorker.run(SuiteRunnerWorker.java:86)
	at org.testng.TestNG.runSuitesSequentially(TestNG.java:1244)
	at org.testng.TestNG.runSuitesLocally(TestNG.java:1169)
	at org.testng.TestNG.run(TestNG.java:1064)
	at org.testng.IDEARemoteTestNG.run(IDEARemoteTestNG.java:72)
	at org.testng.RemoteTestNGStarter.main(RemoteTestNGStarter.java:127)
</stack-trace>
            </failure>
            <steps>
                <step start="1510307271291" stop="1510307272344" status="passed">
                    <name>clickOnPricingButtonOnPricingScreen</name>
                </step>
                <step start="1510307272353" stop="1510307274077" status="passed">
                    <name>clickOnGetYourIDLButton1yearLicense</name>
                </step>
                <step start="1510307274085" stop="1510307275487" status="passed">
                    <name>writeNameToFirstNameField[Alex]</name>
                </step>
                <step start="1510307275491" stop="1510307275781" status="passed">
                    <name>writeNameToLastNameField[Mason]</name>
                </step>
                <step start="1510307275784" stop="1510307276374" status="passed">
                    <name>selectFirstMonth</name>
                </step>
                <step start="1510307276378" stop="1510307276868" status="passed">
                    <name>selectFirstDay</name>
                </step>
                <step start="1510307276872" stop="1510307277325" status="passed">
                    <name>selectFirstYear</name>
                </step>
                <step start="1510307277330" stop="1510307277726" status="passed">
                    <name>selectFirstEyeColor</name>
                </step>
                <step start="1510307277729" stop="1510307278446" status="passed">
                    <name>selectHeight</name>
                </step>
                <step start="1510307278449" stop="1510307278972" status="passed">
                    <name>writePhoneNumber[0931026120]</name>
                </step>
                <step start="1510307278974" stop="1510307279451" status="passed">
                    <name>writeEmail[a@gmail.com]</name>
                </step>
                <step start="1510307279453" stop="1510307286856" status="passed">
                    <name>clickOnCountinueButton</name>
                </step>
                <step start="1510307286858" stop="1510307287041" status="passed">
                    <name>checkIfOriginalDriverLicenseIsPresent</name>
                </step>
            </steps>
            <attachments/>
            <labels>
                <label name="host" value="Nazar"/>
                <label name="thread" value="6180@Nazar.main(1)"/>
            </labels>
        </test-case>
    </test-cases>
    <labels>
        <label name="framework" value="TestNG"/>
        <label name="language" value="JAVA"/>
    </labels>
</ns2:test-suite>
